#-----------------------------------------------------------
# Vivado v2017.4 (64-bit)
# SW Build 2086221 on Fri Dec 15 20:55:39 MST 2017
# IP Build 2085800 on Fri Dec 15 22:25:07 MST 2017
# Start of session at: Mon Mar 26 22:56:47 2018
# Process ID: 8152
# Current directory: C:/Users/Niek/ownCloud/Avans/PROGH/week2segments
# Command line: vivado.exe -gui_launcher_event rodinguilauncherevent11064 C:\Users\Niek\ownCloud\Avans\PROGH\week2segments\week2segments.xpr
# Log file: C:/Users/Niek/ownCloud/Avans/PROGH/week2segments/vivado.log
# Journal file: C:/Users/Niek/ownCloud/Avans/PROGH/week2segments\vivado.jou
#-----------------------------------------------------------
start_gui
open_project C:/Users/Niek/ownCloud/Avans/PROGH/week2segments/week2segments.xpr
INFO: [Project 1-313] Project file moved from 'D:/Owncloud/Avans/PROGH/week2segments' since last save.
Scanning sources...
Finished scanning sources
INFO: [IP_Flow 19-234] Refreshing IP repositories
INFO: [IP_Flow 19-1704] No user IP repositories specified
INFO: [IP_Flow 19-2313] Loaded Vivado IP repository 'C:/Xilinx/Vivado/2017.4/data/ip'.
open_project: Time (s): cpu = 00:00:17 ; elapsed = 00:00:08 . Memory (MB): peak = 764.047 ; gain = 59.047
update_compile_order -fileset sources_1
reset_run synth_1
launch_runs synth_1 -jobs 4
[Mon Mar 26 22:57:49 2018] Launched synth_1...
Run output will be captured here: C:/Users/Niek/ownCloud/Avans/PROGH/week2segments/week2segments.runs/synth_1/runme.log
launch_runs impl_1 -jobs 4
[Mon Mar 26 22:59:07 2018] Launched impl_1...
Run output will be captured here: C:/Users/Niek/ownCloud/Avans/PROGH/week2segments/week2segments.runs/impl_1/runme.log
launch_runs impl_1 -to_step write_bitstream -jobs 4
[Mon Mar 26 23:01:26 2018] Launched impl_1...
Run output will be captured here: C:/Users/Niek/ownCloud/Avans/PROGH/week2segments/week2segments.runs/impl_1/runme.log
exit
INFO: [Common 17-206] Exiting Vivado at Mon Mar 26 23:02:34 2018...
